2021-01-07 23:23:09.198  INFO 17072 --- [restartedMain] c.a.AddressBookAppSpringApplication      : Starting AddressBookAppSpringApplication using Java 15.0.1 on MSI with PID 17072 (C:\Users\bacha\Documents\workspace-spring-tool-suite-4-4.9.0.RELEASE\AddressBookApp_Spring\target\classes started by vebs in C:\Users\bacha\Documents\workspace-spring-tool-suite-4-4.9.0.RELEASE\AddressBookApp_Spring)
2021-01-07 23:23:09.210  INFO 17072 --- [restartedMain] c.a.AddressBookAppSpringApplication      : No active profile set, falling back to default profiles: default
2021-01-07 23:23:09.336  INFO 17072 --- [restartedMain] .e.DevToolsPropertyDefaultsPostProcessor : Devtools property defaults active! Set 'spring.devtools.add-properties' to 'false' to disable
2021-01-07 23:23:09.337  INFO 17072 --- [restartedMain] .e.DevToolsPropertyDefaultsPostProcessor : For additional web related logging consider setting the 'logging.level.web' property to 'DEBUG'
2021-01-07 23:23:10.939  INFO 17072 --- [restartedMain] .s.d.r.c.RepositoryConfigurationDelegate : Bootstrapping Spring Data JPA repositories in DEFAULT mode.
2021-01-07 23:23:10.973  INFO 17072 --- [restartedMain] .s.d.r.c.RepositoryConfigurationDelegate : Finished Spring Data repository scanning in 16 ms. Found 0 JPA repository interfaces.
2021-01-07 23:23:12.109  INFO 17072 --- [restartedMain] o.s.b.w.embedded.tomcat.TomcatWebServer  : Tomcat initialized with port(s): 8090 (http)
2021-01-07 23:23:12.128  INFO 17072 --- [restartedMain] o.apache.catalina.core.StandardService   : Starting service [Tomcat]
2021-01-07 23:23:12.129  INFO 17072 --- [restartedMain] org.apache.catalina.core.StandardEngine  : Starting Servlet engine: [Apache Tomcat/9.0.41]
2021-01-07 23:23:12.364  INFO 17072 --- [restartedMain] o.a.c.c.C.[Tomcat].[localhost].[/]       : Initializing Spring embedded WebApplicationContext
2021-01-07 23:23:12.365  INFO 17072 --- [restartedMain] w.s.c.ServletWebServerApplicationContext : Root WebApplicationContext: initialization completed in 3025 ms
2021-01-07 23:23:12.478  INFO 17072 --- [restartedMain] com.zaxxer.hikari.HikariDataSource       : HikariPool-1 - Starting...
2021-01-07 23:23:14.047  INFO 17072 --- [restartedMain] com.zaxxer.hikari.HikariDataSource       : HikariPool-1 - Start completed.
2021-01-07 23:23:14.062  INFO 17072 --- [restartedMain] o.s.b.a.h2.H2ConsoleAutoConfiguration    : H2 console available at '/h2-console'. Database available at 'jdbc:mysql://localhost:3306/addressBook'
2021-01-07 23:23:17.201  INFO 17072 --- [restartedMain] j.LocalContainerEntityManagerFactoryBean : Initialized JPA EntityManagerFactory for persistence unit 'default'
2021-01-07 23:23:17.302  INFO 17072 --- [restartedMain] o.s.b.d.a.OptionalLiveReloadServer       : LiveReload server is running on port 35729
2021-01-07 23:23:17.526  WARN 17072 --- [restartedMain] JpaBaseConfiguration$JpaWebConfiguration : spring.jpa.open-in-view is enabled by default. Therefore, database queries may be performed during view rendering. Explicitly configure spring.jpa.open-in-view to disable this warning
2021-01-07 23:23:17.862  INFO 17072 --- [restartedMain] o.s.s.concurrent.ThreadPoolTaskExecutor  : Initializing ExecutorService 'applicationTaskExecutor'
2021-01-07 23:23:18.445  WARN 17072 --- [restartedMain] ion$DefaultTemplateResolverConfiguration : Cannot find template location: classpath:/templates/ (please add some templates or check your Thymeleaf configuration)
2021-01-07 23:23:18.871  INFO 17072 --- [restartedMain] o.s.b.w.embedded.tomcat.TomcatWebServer  : Tomcat started on port(s): 8090 (http) with context path ''
2021-01-07 23:23:18.892  INFO 17072 --- [restartedMain] c.a.AddressBookAppSpringApplication      : Started AddressBookAppSpringApplication in 10.591 seconds (JVM running for 13.045)
2021-01-07 23:23:18.899  INFO 17072 --- [restartedMain] c.a.AddressBookAppSpringApplication      : Address Book Started In App
